<?xml version="1.0" encoding="UTF-8"?>
<!DOCTYPE mapper PUBLIC "-//mybatis.org//DTD Mapper 3.0//EN" "http://mybatis.org/dtd/mybatis-3-mapper.dtd">
<mapper namespace="test">
	<select id="getCDBFunction" resultType="Long">
		select unnest(cdb_jenksbins(array_agg("usage"), 5)) as natural
    from b5_sd_view bsv 
	</select>
	<select id="getCDBFunction2" resultType="map">
		select cdb_jenksbins(array_agg("usage"), 5)
		from b5_sd_view bsv 
	</select>
	
	
</mapper>